<?xml version="1.0" encoding="UTF-8"?>
<!-- Generated by org.testng.reporters.JUnitXMLReporter -->
<testsuite ignored="0" hostname="DESKTOP-TUHGED1" failures="0" tests="4" name="Test" time="102.644" errors="0" timestamp="2021-08-29T22:33:08 IST">
  <testcase classname="E2E.E2EProject.ValidateNavigationBar" name="basepageNavigation" time="0.828"/>
  <testcase classname="E2E.E2EProject.ValidateTitle" name="basepageNavigation" time="36.346"/>
  <testcase classname="E2E.E2EProject.HomePage" name="basepageNavigation" time="12.727"/>
  <testcase classname="E2E.E2EProject.HomePage" name="basepageNavigation" time="14.003"/>
</testsuite> <!-- Test -->
