<?xml version="1.0" encoding="UTF-8"?>
<!-- Generated by org.testng.reporters.JUnitXMLReporter -->
<testsuite ignored="0" hostname="DESKTOP-TUHGED1" failures="1" tests="1" name="Validating Title" time="48.435" errors="0" timestamp="2021-08-31T11:43:00 IST">
  <testcase classname="E2E.E2EProject.ValidateTitle" name="basepageNavigation" time="38.854">
    <failure type="java.lang.AssertionError" message="expected [FEATURED COURSES123] but found [FEATURED COURSES]">
      <![CDATA[java.lang.AssertionError: expected [FEATURED COURSES123] but found [FEATURED COURSES]
at E2E.E2EProject.ValidateTitle.basepageNavigation(ValidateTitle.java:39)
at java.base/java.util.ArrayList.forEach(ArrayList.java:1511)
... Removed 33 stack frames]]>
    </failure>
  </testcase> <!-- basepageNavigation -->
</testsuite> <!-- Validating Title -->
