<?xml version="1.0" encoding="UTF-8"?>
<!-- Generated by org.testng.reporters.JUnitXMLReporter -->
<testsuite hostname="DESKTOP-TUHGED1" ignored="0" name="Validating Title" tests="1" failures="1" timestamp="2021-09-12T19:07:08 IST" time="28.488" errors="0">
  <testcase name="basepageNavigation" time="26.052" classname="E2E.E2EProject.ValidateTitle">
    <failure type="java.lang.AssertionError" message="expected [FEATURED COURSES123] but found [FEATURED COURSES]">
      <![CDATA[java.lang.AssertionError: expected [FEATURED COURSES123] but found [FEATURED COURSES]
at E2E.E2EProject.ValidateTitle.basepageNavigation(ValidateTitle.java:39)
at java.util.ArrayList.forEach(ArrayList.java:1249)
... Removed 36 stack frames]]>
    </failure>
  </testcase> <!-- basepageNavigation -->
</testsuite> <!-- Validating Title -->
