<?xml version="1.0" encoding="UTF-8"?>
<testsuite name="TestSuite" time="40.245" tests="4" errors="0" skipped="0" failures="1">
  <properties>
[...]
</properties>
  <testcase name="basepageNavigation" classname="E2E.E2EProject.ValidateNavigationBar" time="0.351"/>
  <testcase name="basepageNavigation" classname="E2E.E2EProject.ValidateTitle" time="27.418">
    <failure message="expected [FEATURED COURSES123] but found [FEATURED COURSES]" type="java.lang.AssertionError">java.lang.AssertionError: expected [FEATURED COURSES123] but found [FEATURED COURSES]
	at org.testng.Assert.fail(Assert.java:99)
	at org.testng.Assert.failNotEquals(Assert.java:1037)
	at org.testng.Assert.assertEqualsImpl(Assert.java:140)
	at org.testng.Assert.assertEquals(Assert.java:122)
	at org.testng.Assert.assertEquals(Assert.java:629)
	at org.testng.Assert.assertEquals(Assert.java:639)
	at E2E.E2EProject.ValidateTitle.basepageNavigation(ValidateTitle.java:39)
</failure>
    <system-out><![CDATA[chrome
]]></system-out>
    <system-err><![CDATA[Starting ChromeDriver 92.0.4515.107 (87a818b10553a07434ea9e2b6dccf3cbe7895134-refs/branch-heads/4515@{#1634}) on port 27439
Only local connections are allowed.
Please see https://chromedriver.chromium.org/security-considerations for suggestions on keeping ChromeDriver safe.
ChromeDriver was started successfully.
[1631453807.910][WARNING]: This version of ChromeDriver has not been tested with Chrome version 93.
Sep 12, 2021 7:06:50 PM org.openqa.selenium.remote.ProtocolHandshake createSession
INFO: Detected dialect: W3C
]]></system-err>
  </testcase>
  <testcase name="basepageNavigation" classname="E2E.E2EProject.HomePage" time="12.476"/>
  <testcase name="basepageNavigation" classname="E2E.E2EProject.HomePage" time="13.033"/>
</testsuite>