<?xml version="1.0" encoding="UTF-8"?>
<testng-results ignored="0" total="2" passed="2" failed="0" skipped="0">
  <reporter-output>
  </reporter-output>
  <suite started-at="2021-09-11T17:57:41 IST" name="Default suite" finished-at="2021-09-11T17:58:16 IST" duration-ms="34625">
    <groups>
    </groups>
    <test started-at="2021-09-11T17:57:41 IST" name="Default test" finished-at="2021-09-11T17:58:16 IST" duration-ms="34625">
      <class name="E2E.E2EProject.HomePage">
        <test-method is-config="true" signature="initialize()[pri:0, instance:E2E.E2EProject.HomePage@485a3466]" started-at="2021-09-11T17:57:41 IST" name="initialize" finished-at="2021-09-11T17:58:01 IST" duration-ms="20128" status="PASS">
          <reporter-output>
          </reporter-output>
        </test-method> <!-- initialize -->
        <test-method signature="basepageNavigation(java.lang.String,java.lang.String,java.lang.String)[pri:0, instance:E2E.E2EProject.HomePage@485a3466]" started-at="2021-09-11T17:58:01 IST" name="basepageNavigation" data-provider="getData" finished-at="2021-09-11T17:58:08 IST" duration-ms="6468" status="PASS">
          <params>
            <param index="0">
              <value>
                <![CDATA[nonresticteduser@qa.com]]>
              </value>
            </param>
            <param index="1">
              <value>
                <![CDATA[123456]]>
              </value>
            </param>
            <param index="2">
              <value>
                <![CDATA[Resticted User]]>
              </value>
            </param>
          </params>
          <reporter-output>
          </reporter-output>
        </test-method> <!-- basepageNavigation -->
        <test-method signature="basepageNavigation(java.lang.String,java.lang.String,java.lang.String)[pri:0, instance:E2E.E2EProject.HomePage@485a3466]" started-at="2021-09-11T17:58:08 IST" name="basepageNavigation" data-provider="getData" finished-at="2021-09-11T17:58:15 IST" duration-ms="6785" status="PASS">
          <params>
            <param index="0">
              <value>
                <![CDATA[resticteduser@qa.com]]>
              </value>
            </param>
            <param index="1">
              <value>
                <![CDATA[456789]]>
              </value>
            </param>
            <param index="2">
              <value>
                <![CDATA[Non resticted User]]>
              </value>
            </param>
          </params>
          <reporter-output>
          </reporter-output>
        </test-method> <!-- basepageNavigation -->
        <test-method is-config="true" signature="teardown()[pri:0, instance:E2E.E2EProject.HomePage@485a3466]" started-at="2021-09-11T17:58:15 IST" name="teardown" finished-at="2021-09-11T17:58:16 IST" duration-ms="832" status="PASS">
          <reporter-output>
          </reporter-output>
        </test-method> <!-- teardown -->
      </class> <!-- E2E.E2EProject.HomePage -->
    </test> <!-- Default test -->
  </suite> <!-- Default suite -->
</testng-results>
